Using pre-set license
Built from '2020.3/staging' branch; Version is '2020.3.38f1 (8f5fde82e2dc) revision 9396190'; Using compiler version '192528614'; Build Type 'Release'
OS: 'Windows 11  (10.0.22000) 64bit Core' Language: 'uk' Physical Memory: 8112 MB
BatchMode: 1, IsHumanControllingUs: 0, StartBugReporterOnCrash: 0, Is64bit: 1, IsPro: 0

COMMAND LINE ARGUMENTS:
D:\Program Files\Unity Hub\2020.3.38f1\Editor\Unity.exe
-adb2
-batchMode
-noUpm
-name
AssetImportWorker0
-projectPath
D:/GitHubProject/Castle_ProBuilder_Unity/Magic_Castle_ProBuilder
-logFile
Logs/AssetImportWorker0.log
-srvPort
59953
Successfully changed project path to: D:/GitHubProject/Castle_ProBuilder_Unity/Magic_Castle_ProBuilder
D:/GitHubProject/Castle_ProBuilder_Unity/Magic_Castle_ProBuilder
Using Asset Import Pipeline V2.
Refreshing native plugins compatible for Editor in 55.06 ms, found 2 plugins.
Preloading 0 native plugins for Editor in 0.00 ms.
Initialize engine version: 2020.3.38f1 (8f5fde82e2dc)
[Subsystems] Discovering subsystems at path D:/Program Files/Unity Hub/2020.3.38f1/Editor/Data/Resources/UnitySubsystems
[Subsystems] Discovering subsystems at path D:/GitHubProject/Castle_ProBuilder_Unity/Magic_Castle_ProBuilder/Assets
GfxDevice: creating device client; threaded=0
Direct3D:
    Version:  Direct3D 11.0 [level 11.1]
    Renderer: NVIDIA GeForce GTX 1650 (ID=0x1f91)
    Vendor:   
    VRAM:     3962 MB
    Driver:   27.21.14.5749
Initialize mono
Mono path[0] = 'D:/Program Files/Unity Hub/2020.3.38f1/Editor/Data/Managed'
Mono path[1] = 'D:/Program Files/Unity Hub/2020.3.38f1/Editor/Data/MonoBleedingEdge/lib/mono/unityjit'
Mono config path = 'D:/Program Files/Unity Hub/2020.3.38f1/Editor/Data/MonoBleedingEdge/etc'
Using monoOptions --debugger-agent=transport=dt_socket,embedding=1,server=y,suspend=n,address=127.0.0.1:56760
Begin MonoManager ReloadAssembly
Registering precompiled unity dll's ...
Register platform support module: D:/Program Files/Unity Hub/2020.3.38f1/Editor/Data/PlaybackEngines/WindowsStandaloneSupport/UnityEditor.WindowsStandalone.Extensions.dll
Registered in 0.001379 seconds.
Native extension for WindowsStandalone target not found
Refreshing native plugins compatible for Editor in 52.69 ms, found 2 plugins.
Preloading 0 native plugins for Editor in 0.00 ms.
Mono: successfully reloaded assembly
- Completed reload, in  0.850 seconds
Domain Reload Profiling:
	ReloadAssembly (850ms)
		BeginReloadAssembly (121ms)
			ExecutionOrderSort (0ms)
			DisableScriptedObjects (0ms)
			BackupInstance (0ms)
			ReleaseScriptingObjects (0ms)
			CreateAndSetChildDomain (1ms)
		EndReloadAssembly (629ms)
			LoadAssemblies (122ms)
			RebuildTransferFunctionScriptingTraits (0ms)
			SetupTypeCache (226ms)
			ReleaseScriptCaches (0ms)
			RebuildScriptCaches (45ms)
			SetupLoadedEditorAssemblies (228ms)
				LogAssemblyErrors (0ms)
				InitializePlatformSupportModulesInManaged (6ms)
				SetLoadedEditorAssemblies (0ms)
				RefreshPlugins (53ms)
				BeforeProcessingInitializeOnLoad (11ms)
				ProcessInitializeOnLoadAttributes (119ms)
				ProcessInitializeOnLoadMethodAttributes (39ms)
				AfterProcessingInitializeOnLoad (0ms)
				EditorAssembliesLoaded (0ms)
			ExecutionOrderSort2 (0ms)
			AwakeInstancesAfterBackupRestoration (0ms)
Platform modules already initialized, skipping
Registering precompiled user dll's ...
Registered in 0.003982 seconds.
Begin MonoManager ReloadAssembly
Native extension for WindowsStandalone target not found
Refreshing native plugins compatible for Editor in 0.40 ms, found 2 plugins.
Preloading 0 native plugins for Editor in 0.00 ms.
Mono: successfully reloaded assembly
- Completed reload, in  1.345 seconds
Domain Reload Profiling:
	ReloadAssembly (1347ms)
		BeginReloadAssembly (236ms)
			ExecutionOrderSort (0ms)
			DisableScriptedObjects (7ms)
			BackupInstance (0ms)
			ReleaseScriptingObjects (0ms)
			CreateAndSetChildDomain (27ms)
		EndReloadAssembly (1035ms)
			LoadAssemblies (168ms)
			RebuildTransferFunctionScriptingTraits (0ms)
			SetupTypeCache (406ms)
			ReleaseScriptCaches (1ms)
			RebuildScriptCaches (59ms)
			SetupLoadedEditorAssemblies (317ms)
				LogAssemblyErrors (0ms)
				InitializePlatformSupportModulesInManaged (4ms)
				SetLoadedEditorAssemblies (0ms)
				RefreshPlugins (0ms)
				BeforeProcessingInitializeOnLoad (61ms)
				ProcessInitializeOnLoadAttributes (226ms)
				ProcessInitializeOnLoadMethodAttributes (22ms)
				AfterProcessingInitializeOnLoad (3ms)
				EditorAssembliesLoaded (0ms)
			ExecutionOrderSort2 (0ms)
			AwakeInstancesAfterBackupRestoration (3ms)
Platform modules already initialized, skipping
========================================================================
Worker process is ready to serve import requests
Launched and connected shader compiler UnityShaderCompiler.exe after 0.09 seconds
Refreshing native plugins compatible for Editor in 0.50 ms, found 2 plugins.
Preloading 0 native plugins for Editor in 0.00 ms.
Unloading 1881 Unused Serialized files (Serialized files now loaded: 0)
System memory in use before: 85.3 MB.
System memory in use after: 85.3 MB.

Unloading 18 unused Assets to reduce memory usage. Loaded Objects now: 2318.
Total: 3.262700 ms (FindLiveObjects: 0.171600 ms CreateObjectMapping: 0.076500 ms MarkObjects: 2.889100 ms  DeleteObjects: 0.124600 ms)

AssetImportParameters requested are different than current active one (requested -> active):
  custom:framework-win-MediaFoundation: 216162199b28c13a410421893ffa2e32 -> 
  custom:video-decoder-ogg-theora: a1e56fd34408186e4bbccfd4996cb3dc -> 
  custom:container-muxer-webm: aa71ff27fc2769a1b78a27578f13a17b -> 
  custom:container-demuxer-webm: 4f35f7cbe854078d1ac9338744f61a02 -> 
  custom:container-demuxer-ogg: 62fdf1f143b41e24485cea50d1cbac27 -> 
  custom:video-encoder-webm-vp8: eb34c28f22e8b96e1ab97ce403110664 -> 
  custom:video-decoder-webm-vp8: 9c59270c3fd7afecdb556c50c9e8de78 -> 
  custom:audio-decoder-ogg-vorbis: bf7c407c2cedff20999df2af8eb42d56 -> 
  custom:audio-encoder-webm-vorbis: bf7c407c2cedff20999df2af8eb42d56 -> 
========================================================================
Received Import Request.
  path: Assets/ProBuilder Data/Default Material Palette.asset
  artifactKey: Guid(7d8da03701aa9ce45afcdc1f7bf20cf2) Importer(815301076,1909f56bfc062723c751e8b465ee728b)
Start importing Assets/ProBuilder Data/Default Material Palette.asset using Guid(7d8da03701aa9ce45afcdc1f7bf20cf2) Importer(815301076,1909f56bfc062723c751e8b465ee728b)  -> (artifact id: 'c62d69a6a8d5268ab60cf3601e535b8c') in 0.046372 seconds 
========================================================================
Received Import Request.
  Time since last request: 0.000437 seconds.
  path: Assets/ProBuilder Data/Default Color Palette.asset
  artifactKey: Guid(990f84c7a9c4dc04c94341bb98998f8e) Importer(815301076,1909f56bfc062723c751e8b465ee728b)
Start importing Assets/ProBuilder Data/Default Color Palette.asset using Guid(990f84c7a9c4dc04c94341bb98998f8e) Importer(815301076,1909f56bfc062723c751e8b465ee728b)  -> (artifact id: '4e0796af00c64a9857d325d1ef1d55b0') in 0.004903 seconds 
========================================================================
Received Import Request.
  Time since last request: 108.455439 seconds.
  path: Assets/New Material.mat
  artifactKey: Guid(b29d2f4fb0fb5354da67af0916d73540) Importer(815301076,1909f56bfc062723c751e8b465ee728b)
Start importing Assets/New Material.mat using Guid(b29d2f4fb0fb5354da67af0916d73540) Importer(815301076,1909f56bfc062723c751e8b465ee728b)  -> (artifact id: 'a82a91077cebed2892f84c5131807e8d') in 0.117533 seconds 
========================================================================
Received Import Request.
  Time since last request: 279.563984 seconds.
  path: Assets
  artifactKey: Guid(00000000000000001000000000000000) Importer(815301076,1909f56bfc062723c751e8b465ee728b)
Start importing Assets using Guid(00000000000000001000000000000000) Importer(815301076,1909f56bfc062723c751e8b465ee728b)  -> (artifact id: '42d402b061de3733987d63b9cc3b64de') in 0.004795 seconds 
========================================================================
Received Import Request.
  Time since last request: 8.699654 seconds.
  path: Assets/New Material 1.mat
  artifactKey: Guid(29212bbaaf88b7740880d9d6ca83d34d) Importer(815301076,1909f56bfc062723c751e8b465ee728b)
Start importing Assets/New Material 1.mat using Guid(29212bbaaf88b7740880d9d6ca83d34d) Importer(815301076,1909f56bfc062723c751e8b465ee728b)  -> (artifact id: '9b366889fadabad6af1a4e50ab7d9c4e') in 0.026821 seconds 
========================================================================
Received Import Request.
  Time since last request: 852.918533 seconds.
  path: Assets/New Material 2.mat
  artifactKey: Guid(eb049eecee04e0943bde381eb0fb0430) Importer(815301076,1909f56bfc062723c751e8b465ee728b)
Start importing Assets/New Material 2.mat using Guid(eb049eecee04e0943bde381eb0fb0430) Importer(815301076,1909f56bfc062723c751e8b465ee728b)  -> (artifact id: 'f74db120cef31d86699071d7e08778dd') in 0.020223 seconds 
========================================================================
Received Import Request.
  Time since last request: 3859.614821 seconds.
  path: Assets/New Material 3.mat
  artifactKey: Guid(35d17319f59191147b77bfa2277dfa78) Importer(815301076,1909f56bfc062723c751e8b465ee728b)
Start importing Assets/New Material 3.mat using Guid(35d17319f59191147b77bfa2277dfa78) Importer(815301076,1909f56bfc062723c751e8b465ee728b)  -> (artifact id: '975edd75eca9ebdfa3a8f71d0b7c21b0') in 0.043198 seconds 
========================================================================
Received Import Request.
  Time since last request: 148.619504 seconds.
  path: Assets/New Material 1.mat
  artifactKey: Guid(29212bbaaf88b7740880d9d6ca83d34d) Importer(815301076,1909f56bfc062723c751e8b465ee728b)
Start importing Assets/New Material 1.mat using Guid(29212bbaaf88b7740880d9d6ca83d34d) Importer(815301076,1909f56bfc062723c751e8b465ee728b)  -> (artifact id: '49f9996fa13105a5920186922d035f73') in 0.013492 seconds 
========================================================================
Received Import Request.
  Time since last request: 0.000371 seconds.
  path: Assets/New Material 3.mat
  artifactKey: Guid(35d17319f59191147b77bfa2277dfa78) Importer(815301076,1909f56bfc062723c751e8b465ee728b)
Start importing Assets/New Material 3.mat using Guid(35d17319f59191147b77bfa2277dfa78) Importer(815301076,1909f56bfc062723c751e8b465ee728b)  -> (artifact id: 'ed8461e702f47e3e3d42449886d55471') in 0.032644 seconds 
========================================================================
Received Import Request.
  Time since last request: 0.001168 seconds.
  path: Assets/New Material 2.mat
  artifactKey: Guid(eb049eecee04e0943bde381eb0fb0430) Importer(815301076,1909f56bfc062723c751e8b465ee728b)
Start importing Assets/New Material 2.mat using Guid(eb049eecee04e0943bde381eb0fb0430) Importer(815301076,1909f56bfc062723c751e8b465ee728b)  -> (artifact id: 'bd5d4c32cba5e6079056b5716ede46c2') in 0.032469 seconds 
========================================================================
Received Import Request.
  Time since last request: 0.000606 seconds.
  path: Assets/New Material.mat
  artifactKey: Guid(b29d2f4fb0fb5354da67af0916d73540) Importer(815301076,1909f56bfc062723c751e8b465ee728b)
Start importing Assets/New Material.mat using Guid(b29d2f4fb0fb5354da67af0916d73540) Importer(815301076,1909f56bfc062723c751e8b465ee728b)  -> (artifact id: 'ae8c9f6ea7fc7aaab799f11776a4e157') in 0.026224 seconds 
